<?xml version="1.0" encoding="UTF-8"?>
<!-- Generated by org.testng.reporters.JUnitReportReporter -->
<testsuite skipped="0" hostname="KALAMSIR-PC" name="mypack.Test2" tests="4" failures="0" timestamp="2022-05-08T14:25:17 IST" time="54.241" errors="0">
  <testcase name="method" time="8.535" classname="mypack.Test2"/>
  <system-out/>
  <testcase name="method" time="10.691" classname="mypack.Test2"/>
  <system-out/>
  <testcase name="method" time="22.430" classname="mypack.Test2"/>
  <system-out/>
  <testcase name="method" time="12.585" classname="mypack.Test2"/>
  <system-out/>
</testsuite> <!-- mypack.Test2 -->
